八月 11, 2015 8:26:15 上午 org.eclipse.birt.chart.device.swt.SwtDisplayServer <init>
信息: SWT Display Server: cocoa v4,527
八月 11, 2015 8:26:15 上午 org.eclipse.birt.chart.device.swt.R31Enhance <clinit>
信息: Advanced SWT graphics functions enabled.
八月 11, 2015 8:26:15 上午 org.eclipse.birt.chart.device.swt.SwtRendererImpl setProperty
信息: Using graphics context org.eclipse.swt.graphics.GC@GC {org.eclipse.swt.internal.cocoa.NSGraphicsContext{106652632502848}}
八月 11, 2015 8:26:16 上午 org.eclipse.birt.chart.script.AbstractScriptHandler register
信息: Trying to load Chart Java event handler class...
八月 11, 2015 8:26:16 上午 org.eclipse.birt.chart.script.AbstractScriptHandler register
信息: A Chart Java event handler class [class org.eclipse.mat.impl.chart.StorageUnitRenderScript] has been loaded successfully.
八月 11, 2015 8:26:16 上午 org.eclipse.birt.chart.render.EmptyWithoutAxes renderSeries
信息: org.eclipse.birt.chart.render.EmptyWithoutAxes: renderSeries() [1/2]
八月 11, 2015 8:26:16 上午 org.eclipse.birt.chart.extension.render.Pie renderSeries
信息: {0}: renderSeries() [{1}/{2}]org.eclipse.birt.chart.extension.render.Pie22
八月 11, 2015 8:26:20 上午 org.eclipse.birt.chart.device.swing.SwingDisplayServer <init>
信息: SWING Display Server: Oracle Corporation v1.8.0_51
八月 11, 2015 8:26:20 上午 org.eclipse.birt.chart.script.AbstractScriptHandler register
信息: Trying to load Chart Java event handler class...
八月 11, 2015 8:26:20 上午 org.eclipse.birt.chart.script.AbstractScriptHandler register
信息: A Chart Java event handler class [class org.eclipse.mat.impl.chart.LabelRenderScript] has been loaded successfully.
八月 11, 2015 8:26:20 上午 org.eclipse.birt.chart.device.swing.SwingRendererImpl prepareGraphicsContext
信息: Using graphics context sun.java2d.SunGraphics2D[font=java.awt.Font[family=Dialog,name=Dialog,style=plain,size=12],color=java.awt.Color[r=255,g=255,b=255]]
八月 11, 2015 8:26:20 上午 org.eclipse.birt.chart.render.EmptyWithoutAxes renderSeries
信息: org.eclipse.birt.chart.render.EmptyWithoutAxes: renderSeries() [1/2]
八月 11, 2015 8:26:20 上午 org.eclipse.birt.chart.extension.render.Pie renderSeries
信息: {0}: renderSeries() [{1}/{2}]org.eclipse.birt.chart.extension.render.Pie22
八月 11, 2015 8:26:20 上午 org.eclipse.birt.chart.device.image.JavaxImageIOWriter after
信息: Using {0} image writer {1}pngcom.sun.imageio.plugins.png.PNGImageWriter
八月 11, 2015 8:26:20 上午 org.eclipse.birt.chart.device.swing.SwingDisplayServer <init>
信息: SWING Display Server: Oracle Corporation v1.8.0_51
八月 11, 2015 8:26:20 上午 org.eclipse.birt.chart.script.AbstractScriptHandler register
信息: Trying to load Chart Java event handler class...
八月 11, 2015 8:26:20 上午 org.eclipse.birt.chart.script.AbstractScriptHandler register
信息: A Chart Java event handler class [class org.eclipse.mat.impl.chart.LabelRenderScript] has been loaded successfully.
八月 11, 2015 8:26:20 上午 org.eclipse.birt.chart.device.swing.SwingRendererImpl prepareGraphicsContext
信息: Using graphics context sun.java2d.SunGraphics2D[font=java.awt.Font[family=Dialog,name=Dialog,style=plain,size=12],color=java.awt.Color[r=255,g=255,b=255]]
八月 11, 2015 8:26:20 上午 org.eclipse.birt.chart.render.EmptyWithoutAxes renderSeries
信息: org.eclipse.birt.chart.render.EmptyWithoutAxes: renderSeries() [1/2]
八月 11, 2015 8:26:20 上午 org.eclipse.birt.chart.extension.render.Pie renderSeries
信息: {0}: renderSeries() [{1}/{2}]org.eclipse.birt.chart.extension.render.Pie22
八月 11, 2015 8:26:20 上午 org.eclipse.birt.chart.device.image.JavaxImageIOWriter after
信息: Using {0} image writer {1}pngcom.sun.imageio.plugins.png.PNGImageWriter
八月 11, 2015 8:26:20 上午 org.eclipse.birt.chart.device.swing.SwingDisplayServer <init>
信息: SWING Display Server: Oracle Corporation v1.8.0_51
八月 11, 2015 8:26:20 上午 org.eclipse.birt.chart.script.AbstractScriptHandler register
信息: Trying to load Chart Java event handler class...
八月 11, 2015 8:26:20 上午 org.eclipse.birt.chart.script.AbstractScriptHandler register
信息: A Chart Java event handler class [class org.eclipse.mat.impl.chart.LabelRenderScript] has been loaded successfully.
八月 11, 2015 8:26:20 上午 org.eclipse.birt.chart.device.swing.SwingRendererImpl prepareGraphicsContext
信息: Using graphics context sun.java2d.SunGraphics2D[font=java.awt.Font[family=Dialog,name=Dialog,style=plain,size=12],color=java.awt.Color[r=255,g=255,b=255]]
八月 11, 2015 8:26:20 上午 org.eclipse.birt.chart.render.EmptyWithoutAxes renderSeries
信息: org.eclipse.birt.chart.render.EmptyWithoutAxes: renderSeries() [1/2]
八月 11, 2015 8:26:20 上午 org.eclipse.birt.chart.extension.render.Pie renderSeries
信息: {0}: renderSeries() [{1}/{2}]org.eclipse.birt.chart.extension.render.Pie22
八月 11, 2015 8:26:20 上午 org.eclipse.birt.chart.device.image.JavaxImageIOWriter after
信息: Using {0} image writer {1}pngcom.sun.imageio.plugins.png.PNGImageWriter
八月 11, 2015 8:26:21 上午 org.eclipse.birt.chart.device.swing.SwingDisplayServer <init>
信息: SWING Display Server: Oracle Corporation v1.8.0_51
八月 11, 2015 8:26:21 上午 org.eclipse.birt.chart.script.AbstractScriptHandler register
信息: Trying to load Chart Java event handler class...
八月 11, 2015 8:26:21 上午 org.eclipse.birt.chart.script.AbstractScriptHandler register
信息: A Chart Java event handler class [class org.eclipse.mat.impl.chart.LabelRenderScript] has been loaded successfully.
八月 11, 2015 8:26:21 上午 org.eclipse.birt.chart.device.swing.SwingRendererImpl prepareGraphicsContext
信息: Using graphics context sun.java2d.SunGraphics2D[font=java.awt.Font[family=Dialog,name=Dialog,style=plain,size=12],color=java.awt.Color[r=255,g=255,b=255]]
八月 11, 2015 8:26:21 上午 org.eclipse.birt.chart.render.EmptyWithoutAxes renderSeries
信息: org.eclipse.birt.chart.render.EmptyWithoutAxes: renderSeries() [1/2]
八月 11, 2015 8:26:21 上午 org.eclipse.birt.chart.extension.render.Pie renderSeries
信息: {0}: renderSeries() [{1}/{2}]org.eclipse.birt.chart.extension.render.Pie22
八月 11, 2015 8:26:21 上午 org.eclipse.birt.chart.device.image.JavaxImageIOWriter after
信息: Using {0} image writer {1}pngcom.sun.imageio.plugins.png.PNGImageWriter
八月 11, 2015 8:27:35 上午 org.eclipse.birt.chart.device.swt.SwtRendererImpl setProperty
信息: Using graphics context org.eclipse.swt.graphics.GC@GC {org.eclipse.swt.internal.cocoa.NSGraphicsContext{105553129278528}}
八月 11, 2015 8:27:35 上午 org.eclipse.birt.chart.script.AbstractScriptHandler register
信息: Trying to load Chart Java event handler class...
八月 11, 2015 8:27:35 上午 org.eclipse.birt.chart.script.AbstractScriptHandler register
信息: A Chart Java event handler class [class org.eclipse.mat.impl.chart.StorageUnitRenderScript] has been loaded successfully.
八月 11, 2015 8:27:35 上午 org.eclipse.birt.chart.render.EmptyWithoutAxes renderSeries
信息: org.eclipse.birt.chart.render.EmptyWithoutAxes: renderSeries() [1/2]
八月 11, 2015 8:27:35 上午 org.eclipse.birt.chart.extension.render.Pie renderSeries
信息: {0}: renderSeries() [{1}/{2}]org.eclipse.birt.chart.extension.render.Pie22
